<?xml version="1.0" encoding="UTF-8"?>
<!-- Generated by org.testng.reporters.JUnitXMLReporter -->
<testsuite hostname="LFR025169" name="exampletest2" tests="1" failures="1" timestamp="31 Oct 2019 09:57:39 GMT" time="6.874" errors="0">
  <testcase name="getDataForDispacito" time="0.003" classname="DispacitoExtraction.DispacitoMultipleTest">
    <failure type="java.lang.NullPointerException">
      <![CDATA[java.lang.NullPointerException
... Removed 18 stack frames]]>
    </failure>
  </testcase> <!-- getDataForDispacito -->
</testsuite> <!-- exampletest2 -->
