<?xml version="1.0" encoding="UTF-8"?>
<!-- Generated by org.testng.reporters.JUnitXMLReporter -->
<testsuite hostname="DESKTOP-R7AONA2" ignored="0" name="exampletest1" tests="2" failures="2" timestamp="2019-11-11T01:17:14 CET" time="144.051" errors="0">
  <testcase name="getDataForDispacito" time="69.61" classname="DispacitoExtraction.Dispacito2">
    <failure type="java.lang.AssertionError" message="the price changed expected [€ 12,50 - 13,32] but found [€ 21,40 - 22,80]">
      <![CDATA[java.lang.AssertionError: the price changed expected [€ 12,50 - 13,32] but found [€ 21,40 - 22,80]
at DispacitoExtraction.Dispacito2.getDataForDispacito(Dispacito2.java:75)
at java.util.ArrayList.forEach(Unknown Source)
... Removed 31 stack frames]]>
    </failure>
  </testcase> <!-- getDataForDispacito -->
  <testcase name="getDataForDispacito" time="14.799" classname="DispacitoExtraction.Dispacito2">
    <failure type="java.lang.AssertionError" message="the price changed expected [3.0] but found [€ 3,37 - 4,59]">
      <![CDATA[java.lang.AssertionError: the price changed expected [3.0] but found [€ 3,37 - 4,59]
at DispacitoExtraction.Dispacito2.getDataForDispacito(Dispacito2.java:75)
at java.util.ArrayList.forEach(Unknown Source)
... Removed 31 stack frames]]>
    </failure>
  </testcase> <!-- getDataForDispacito -->
</testsuite> <!-- exampletest1 -->
